-------------------------------------------------------------------------------
Test set: com.example.demo.OhadApplicationTests
-------------------------------------------------------------------------------
Tests run: 1, Failures: 0, Errors: 1, Skipped: 0, Time elapsed: 1.947 s <<< FAILURE! - in com.example.demo.OhadApplicationTests
initializationError(com.example.demo.OhadApplicationTests)  Time elapsed: 0.057 s  <<< ERROR!
java.lang.IllegalStateException: Unable to find a @SpringBootConfiguration, you need to use @ContextConfiguration or @SpringBootTest(classes=...) with your test

